<?xml version="1.0" encoding="UTF-8"?>
<!-- Generated by org.testng.reporters.JUnitReportReporter -->
<testsuite hostname="SanjivaniK-LPT-234" failures="0" tests="7" name="webAutomation.RegistrationTest.Register.Demo" time="84.122" errors="0" timestamp="2020-01-07T17:47:14 IST" skipped="0">
  <testcase classname="webAutomation.RegistrationTest.Register.Demo" name="validRegistrationTest" time="9.959"/>
  <testcase classname="webAutomation.RegistrationTest.Register.Demo" name="validRegistrationTest" time="9.825"/>
  <testcase classname="webAutomation.RegistrationTest.Register.Demo" name="validRegistrationTest" time="13.552"/>
  <testcase classname="webAutomation.RegistrationTest.Register.Demo" name="validRegistrationTest" time="14.658"/>
  <testcase classname="webAutomation.RegistrationTest.Register.Demo" name="validRegistrationTest" time="10.165"/>
  <testcase classname="webAutomation.RegistrationTest.Register.Demo" name="validRegistrationTest" time="11.351"/>
  <testcase classname="webAutomation.RegistrationTest.Register.Demo" name="validRegistrationTest" time="14.612"/>
</testsuite> <!-- webAutomation.RegistrationTest.Register.Demo -->
