<?xml version="1.0" encoding="UTF-8"?>
<!-- Generated by org.testng.reporters.JUnitReportReporter -->
<testsuite hostname="SanjivaniK-LPT-234" failures="0" tests="1" name="webAutomation.RegistrationTest.Register.RegistrationClick" time="7.463" errors="0" timestamp="2020-01-02T15:50:29 IST" skipped="0">
  <testcase classname="webAutomation.RegistrationTest.Register.RegistrationClick" name="buttonValidation" time="7.463"/>
</testsuite> <!-- webAutomation.RegistrationTest.Register.RegistrationClick -->
