<?xml version="1.0" encoding="UTF-8"?>
<!-- Generated by org.testng.reporters.JUnitReportReporter -->
<testsuite hostname="SanjivaniK-LPT-234" failures="0" tests="1" name="webAutomation.RegistrationTest.Register.Demo22" time="15.090" errors="0" timestamp="2020-01-06T15:41:45 IST" skipped="0">
  <testcase classname="webAutomation.RegistrationTest.Register.Demo22" name="validRegistrationTest" time="15.090"/>
</testsuite> <!-- webAutomation.RegistrationTest.Register.Demo22 -->
