<?xml version="1.0" encoding="UTF-8"?>
<!-- Generated by org.testng.reporters.JUnitReportReporter -->
<testsuite hostname="SanjivaniK-LPT-234" failures="0" tests="1" name="webAutomation.RegistrationTest.Register.Demo2Demo" time="10.881" errors="0" timestamp="2020-01-03T16:18:56 IST" skipped="0">
  <testcase classname="webAutomation.RegistrationTest.Register.Demo2Demo" name="start12" time="10.881"/>
</testsuite> <!-- webAutomation.RegistrationTest.Register.Demo2Demo -->
